----------

Thu Aug 25 2022 17:23:16 GMT+0530 (India Standard Time)

'git' is not recognized as an internal or external command,
operable program or batch file.


----------

Thu Aug 25 2022 17:23:16 GMT+0530 (India Standard Time)

'git' is not recognized as an internal or external command,
operable program or batch file.


----------

Thu Aug 25 2022 17:23:16 GMT+0530 (India Standard Time)

'git' is not recognized as an internal or external command,
operable program or batch file.


----------

Thu Aug 25 2022 17:28:03 GMT+0530 (India Standard Time)

'git' is not recognized as an internal or external command,
operable program or batch file.


----------

Thu Aug 25 2022 17:28:03 GMT+0530 (India Standard Time)

'git' is not recognized as an internal or external command,
operable program or batch file.


----------

Thu Aug 25 2022 17:28:03 GMT+0530 (India Standard Time)

'git' is not recognized as an internal or external command,
operable program or batch file.


----------

Thu Aug 25 2022 17:30:23 GMT+0530 (India Standard Time)

'git' is not recognized as an internal or external command,
operable program or batch file.


----------

Thu Aug 25 2022 17:30:23 GMT+0530 (India Standard Time)

'git' is not recognized as an internal or external command,
operable program or batch file.


----------

Thu Aug 25 2022 17:30:23 GMT+0530 (India Standard Time)

'git' is not recognized as an internal or external command,
operable program or batch file.


----------

Thu Aug 25 2022 17:31:35 GMT+0530 (India Standard Time)

'git' is not recognized as an internal or external command,
operable program or batch file.


----------

Thu Aug 25 2022 17:31:35 GMT+0530 (India Standard Time)

'git' is not recognized as an internal or external command,
operable program or batch file.


----------

Thu Aug 25 2022 17:31:35 GMT+0530 (India Standard Time)

'git' is not recognized as an internal or external command,
operable program or batch file.


----------

Thu Aug 25 2022 17:37:07 GMT+0530 (India Standard Time)

'git' is not recognized as an internal or external command,
operable program or batch file.


----------

Thu Aug 25 2022 17:37:07 GMT+0530 (India Standard Time)

'git' is not recognized as an internal or external command,
operable program or batch file.


----------

Thu Aug 25 2022 17:37:07 GMT+0530 (India Standard Time)

'git' is not recognized as an internal or external command,
operable program or batch file.


----------

Thu Aug 25 2022 17:38:43 GMT+0530 (India Standard Time)

'git' is not recognized as an internal or external command,
operable program or batch file.


----------

Thu Aug 25 2022 17:38:43 GMT+0530 (India Standard Time)

'git' is not recognized as an internal or external command,
operable program or batch file.


----------

Thu Aug 25 2022 17:38:43 GMT+0530 (India Standard Time)

'git' is not recognized as an internal or external command,
operable program or batch file.


----------

Thu Aug 25 2022 17:42:27 GMT+0530 (India Standard Time)

'git' is not recognized as an internal or external command,
operable program or batch file.


----------

Thu Aug 25 2022 17:42:27 GMT+0530 (India Standard Time)

'git' is not recognized as an internal or external command,
operable program or batch file.


----------

Thu Aug 25 2022 17:42:27 GMT+0530 (India Standard Time)

'git' is not recognized as an internal or external command,
operable program or batch file.


----------

Thu Aug 25 2022 17:49:42 GMT+0530 (India Standard Time)

'git' is not recognized as an internal or external command,
operable program or batch file.


----------

Thu Aug 25 2022 17:49:42 GMT+0530 (India Standard Time)

'git' is not recognized as an internal or external command,
operable program or batch file.


----------

Thu Aug 25 2022 17:49:42 GMT+0530 (India Standard Time)

'git' is not recognized as an internal or external command,
operable program or batch file.


----------

Thu Aug 25 2022 18:23:16 GMT+0530 (India Standard Time)

'git' is not recognized as an internal or external command,
operable program or batch file.


----------

Thu Aug 25 2022 18:23:16 GMT+0530 (India Standard Time)

'git' is not recognized as an internal or external command,
operable program or batch file.


----------

Thu Aug 25 2022 18:23:16 GMT+0530 (India Standard Time)

'git' is not recognized as an internal or external command,
operable program or batch file.


----------

Thu Aug 25 2022 18:40:11 GMT+0530 (India Standard Time)

'git' is not recognized as an internal or external command,
operable program or batch file.


----------

Thu Aug 25 2022 18:40:11 GMT+0530 (India Standard Time)

'git' is not recognized as an internal or external command,
operable program or batch file.


----------

Thu Aug 25 2022 18:40:11 GMT+0530 (India Standard Time)

'git' is not recognized as an internal or external command,
operable program or batch file.


----------

Mon Aug 29 2022 14:44:05 GMT+0530 (India Standard Time)

warning: in the working copy of 'Academics.html', LF will be replaced by CRLF the next time Git touches it


----------

Mon Aug 29 2022 14:44:05 GMT+0530 (India Standard Time)

warning: in the working copy of 'Examinations.html', LF will be replaced by CRLF the next time Git touches it


----------

Mon Aug 29 2022 14:44:05 GMT+0530 (India Standard Time)

warning: in the working copy of 'Hostels.html', LF will be replaced by CRLF the next time Git touches it


----------

Mon Aug 29 2022 14:44:05 GMT+0530 (India Standard Time)

warning: in the working copy of 'MyAccount.html', LF will be replaced by CRLF the next time Git touches it


----------

Mon Aug 29 2022 14:44:05 GMT+0530 (India Standard Time)

warning: in the working copy of 'Payments.html', LF will be replaced by CRLF the next time Git touches it


----------

Mon Aug 29 2022 14:44:05 GMT+0530 (India Standard Time)

warning: in the working copy of 'Proctor.html', LF will be replaced by CRLF the next time Git touches it


----------

Mon Aug 29 2022 14:44:05 GMT+0530 (India Standard Time)

warning: in the working copy of 'assets/bootstrap/css/bootstrap.min.css', LF will be replaced by CRLF the next time Git touches it


----------

Mon Aug 29 2022 14:44:05 GMT+0530 (India Standard Time)

warning: in the working copy of 'assets/bootstrap/js/bootstrap.min.js', LF will be replaced by CRLF the next time Git touches it


----------

Mon Aug 29 2022 14:44:05 GMT+0530 (India Standard Time)

warning: in the working copy of 'assets/css/Login-Form-Basic-icons.css', LF will be replaced by CRLF the next time Git touches it


----------

Mon Aug 29 2022 14:44:05 GMT+0530 (India Standard Time)

warning: in the working copy of 'assets/css/Sidebar-Menu-sidebar.css', LF will be replaced by CRLF the next time Git touches it


----------

Mon Aug 29 2022 14:44:05 GMT+0530 (India Standard Time)

warning: in the working copy of 'assets/css/Sidebar-Menu.css', LF will be replaced by CRLF the next time Git touches it


----------

Mon Aug 29 2022 14:44:05 GMT+0530 (India Standard Time)

warning: in the working copy of 'assets/fonts/fa-brands-400.svg', LF will be replaced by CRLF the next time Git touches it


----------

Mon Aug 29 2022 14:44:05 GMT+0530 (India Standard Time)

warning: in the working copy of 'assets/fonts/fa-regular-400.svg', LF will be replaced by CRLF the next time Git touches it


----------

Mon Aug 29 2022 14:44:05 GMT+0530 (India Standard Time)

warning: in the working copy of 'assets/fonts/fa-solid-900.svg', LF will be replaced by CRLF the next time Git touches it


----------

Mon Aug 29 2022 14:44:05 GMT+0530 (India Standard Time)

warning: in the working copy of 'assets/fonts/fontawesome-all.min.css', LF will be replaced by CRLF the next time Git touches it


----------

Mon Aug 29 2022 14:44:05 GMT+0530 (India Standard Time)

warning: in the working copy of 'assets/js/Sidebar-Menu.js', LF will be replaced by CRLF the next time Git touches it


----------

Mon Aug 29 2022 14:44:05 GMT+0530 (India Standard Time)

warning: in the working copy of 'assets/js/Validate.js', LF will be replaced by CRLF the next time Git touches it


----------

Mon Aug 29 2022 14:44:05 GMT+0530 (India Standard Time)

warning: in the working copy of 'index.html', LF will be replaced by CRLF the next time Git touches it


----------

Mon Aug 29 2022 14:44:05 GMT+0530 (India Standard Time)

warning: in the working copy of 'login.html', LF will be replaced by CRLF the next time Git touches it


----------

Mon Aug 29 2022 14:44:05 GMT+0530 (India Standard Time)

warning: in the working copy of 'assets/css/Vertical-scroll-box-Scrollbox.css', LF will be replaced by CRLF the next time Git touches it


----------

Mon Aug 29 2022 14:44:05 GMT+0530 (India Standard Time)

warning: in the working copy of 'assets/css/Vertical-scroll-box.css', LF will be replaced by CRLF the next time Git touches it


----------

Mon Aug 29 2022 14:44:05 GMT+0530 (India Standard Time)

warning: in the working copy of 'assets/js/bs-init.js', LF will be replaced by CRLF the next time Git touches it


----------

Mon Aug 29 2022 14:44:07 GMT+0530 (India Standard Time)

To https://github.com/Project-WeTop/WeTop-Vansh.git
   0cb7ea5..41923f7  main -> main


----------

Mon Aug 29 2022 19:00:50 GMT+0530 (India Standard Time)

warning: in the working copy of 'Academics.html', LF will be replaced by CRLF the next time Git touches it


----------

Mon Aug 29 2022 19:00:50 GMT+0530 (India Standard Time)

warning: in the working copy of 'Examinations.html', LF will be replaced by CRLF the next time Git touches it


----------

Mon Aug 29 2022 19:00:50 GMT+0530 (India Standard Time)

warning: in the working copy of 'Hostels.html', LF will be replaced by CRLF the next time Git touches it


----------

Mon Aug 29 2022 19:00:50 GMT+0530 (India Standard Time)

warning: in the working copy of 'MyAccount.html', LF will be replaced by CRLF the next time Git touches it


----------

Mon Aug 29 2022 19:00:50 GMT+0530 (India Standard Time)

warning: in the working copy of 'Payments.html', LF will be replaced by CRLF the next time Git touches it


----------

Mon Aug 29 2022 19:00:50 GMT+0530 (India Standard Time)

warning: in the working copy of 'Proctor.html', LF will be replaced by CRLF the next time Git touches it


----------

Mon Aug 29 2022 19:00:50 GMT+0530 (India Standard Time)

warning: in the working copy of 'assets/bootstrap/css/bootstrap.min.css', LF will be replaced by CRLF the next time Git touches it


----------

Mon Aug 29 2022 19:00:50 GMT+0530 (India Standard Time)

warning: in the working copy of 'assets/bootstrap/js/bootstrap.min.js', LF will be replaced by CRLF the next time Git touches it


----------

Mon Aug 29 2022 19:00:50 GMT+0530 (India Standard Time)

warning: in the working copy of 'assets/css/Login-Form-Basic-icons.css', LF will be replaced by CRLF the next time Git touches it


----------

Mon Aug 29 2022 19:00:50 GMT+0530 (India Standard Time)

warning: in the working copy of 'assets/css/Sidebar-Menu-sidebar.css', LF will be replaced by CRLF the next time Git touches it


----------

Mon Aug 29 2022 19:00:50 GMT+0530 (India Standard Time)

warning: in the working copy of 'assets/css/Sidebar-Menu.css', LF will be replaced by CRLF the next time Git touches it


----------

Mon Aug 29 2022 19:00:50 GMT+0530 (India Standard Time)

warning: in the working copy of 'assets/css/Vertical-scroll-box-Scrollbox.css', LF will be replaced by CRLF the next time Git touches it


----------

Mon Aug 29 2022 19:00:50 GMT+0530 (India Standard Time)

warning: in the working copy of 'assets/css/Vertical-scroll-box.css', LF will be replaced by CRLF the next time Git touches it


----------

Mon Aug 29 2022 19:00:50 GMT+0530 (India Standard Time)

warning: in the working copy of 'assets/fonts/fa-brands-400.svg', LF will be replaced by CRLF the next time Git touches it


----------

Mon Aug 29 2022 19:00:50 GMT+0530 (India Standard Time)

warning: in the working copy of 'assets/fonts/fa-regular-400.svg', LF will be replaced by CRLF the next time Git touches it


----------

Mon Aug 29 2022 19:00:50 GMT+0530 (India Standard Time)

warning: in the working copy of 'assets/fonts/fa-solid-900.svg', LF will be replaced by CRLF the next time Git touches it


----------

Mon Aug 29 2022 19:00:50 GMT+0530 (India Standard Time)

warning: in the working copy of 'assets/fonts/fontawesome-all.min.css', LF will be replaced by CRLF the next time Git touches it


----------

Mon Aug 29 2022 19:00:50 GMT+0530 (India Standard Time)

warning: in the working copy of 'assets/js/Sidebar-Menu.js', LF will be replaced by CRLF the next time Git touches it


----------

Mon Aug 29 2022 19:00:50 GMT+0530 (India Standard Time)

warning: in the working copy of 'assets/js/Validate.js', LF will be replaced by CRLF the next time Git touches it


----------

Mon Aug 29 2022 19:00:50 GMT+0530 (India Standard Time)

warning: in the working copy of 'assets/js/bs-init.js', LF will be replaced by CRLF the next time Git touches it


----------

Mon Aug 29 2022 19:00:50 GMT+0530 (India Standard Time)

warning: in the working copy of 'index.html', LF will be replaced by CRLF the next time Git touches it


----------

Mon Aug 29 2022 19:00:50 GMT+0530 (India Standard Time)

warning: in the working copy of 'login.html', LF will be replaced by CRLF the next time Git touches it


----------

Mon Aug 29 2022 19:00:50 GMT+0530 (India Standard Time)

warning: in the working copy of 'assets/css/Profile-with-data-and-skills.css', LF will be replaced by CRLF the next time Git touches it


----------

Mon Aug 29 2022 19:00:50 GMT+0530 (India Standard Time)

warning: in the working copy of 'test.html', LF will be replaced by CRLF the next time Git touches it


----------

Mon Aug 29 2022 19:00:53 GMT+0530 (India Standard Time)

To https://github.com/Project-WeTop/WeTop-Vansh.git
   8dbee40..5104bda  main -> main


----------

Wed Aug 31 2022 11:12:18 GMT+0530 (India Standard Time)

warning: in the working copy of 'Academics.html', LF will be replaced by CRLF the next time Git touches it


----------

Wed Aug 31 2022 11:12:18 GMT+0530 (India Standard Time)

warning: in the working copy of 'Examinations.html', LF will be replaced by CRLF the next time Git touches it


----------

Wed Aug 31 2022 11:12:18 GMT+0530 (India Standard Time)

warning: in the working copy of 'Hostels.html', LF will be replaced by CRLF the next time Git touches it


----------

Wed Aug 31 2022 11:12:18 GMT+0530 (India Standard Time)

warning: in the working copy of 'MyAccount.html', LF will be replaced by CRLF the next time Git touches it


----------

Wed Aug 31 2022 11:12:18 GMT+0530 (India Standard Time)

warning: in the working copy of 'Payments.html', LF will be replaced by CRLF the next time Git touches it


----------

Wed Aug 31 2022 11:12:18 GMT+0530 (India Standard Time)

warning: in the working copy of 'Proctor.html', LF will be replaced by CRLF the next time Git touches it


----------

Wed Aug 31 2022 11:12:18 GMT+0530 (India Standard Time)

warning: in the working copy of 'assets/bootstrap/css/bootstrap.min.css', LF will be replaced by CRLF the next time Git touches it


----------

Wed Aug 31 2022 11:12:18 GMT+0530 (India Standard Time)

warning: in the working copy of 'assets/bootstrap/js/bootstrap.min.js', LF will be replaced by CRLF the next time Git touches it


----------

Wed Aug 31 2022 11:12:18 GMT+0530 (India Standard Time)

warning: in the working copy of 'assets/css/Login-Form-Basic-icons.css', LF will be replaced by CRLF the next time Git touches it


----------

Wed Aug 31 2022 11:12:18 GMT+0530 (India Standard Time)

warning: in the working copy of 'assets/css/Profile-with-data-and-skills.css', LF will be replaced by CRLF the next time Git touches it


----------

Wed Aug 31 2022 11:12:18 GMT+0530 (India Standard Time)

warning: in the working copy of 'assets/css/Sidebar-Menu-sidebar.css', LF will be replaced by CRLF the next time Git touches it


----------

Wed Aug 31 2022 11:12:18 GMT+0530 (India Standard Time)

warning: in the working copy of 'assets/css/Sidebar-Menu.css', LF will be replaced by CRLF the next time Git touches it


----------

Wed Aug 31 2022 11:12:18 GMT+0530 (India Standard Time)

warning: in the working copy of 'assets/css/Vertical-scroll-box-Scrollbox.css', LF will be replaced by CRLF the next time Git touches it


----------

Wed Aug 31 2022 11:12:18 GMT+0530 (India Standard Time)

warning: in the working copy of 'assets/css/Vertical-scroll-box.css', LF will be replaced by CRLF the next time Git touches it


----------

Wed Aug 31 2022 11:12:18 GMT+0530 (India Standard Time)

warning: in the working copy of 'assets/fonts/fa-brands-400.svg', LF will be replaced by CRLF the next time Git touches it


----------

Wed Aug 31 2022 11:12:18 GMT+0530 (India Standard Time)

warning: in the working copy of 'assets/fonts/fa-regular-400.svg', LF will be replaced by CRLF the next time Git touches it


----------

Wed Aug 31 2022 11:12:18 GMT+0530 (India Standard Time)

warning: in the working copy of 'assets/fonts/fa-solid-900.svg', LF will be replaced by CRLF the next time Git touches it


----------

Wed Aug 31 2022 11:12:18 GMT+0530 (India Standard Time)

warning: in the working copy of 'assets/fonts/fontawesome-all.min.css', LF will be replaced by CRLF the next time Git touches it


----------

Wed Aug 31 2022 11:12:18 GMT+0530 (India Standard Time)

warning: in the working copy of 'assets/js/Sidebar-Menu.js', LF will be replaced by CRLF the next time Git touches it


----------

Wed Aug 31 2022 11:12:18 GMT+0530 (India Standard Time)

warning: in the working copy of 'assets/js/Validate.js', LF will be replaced by CRLF the next time Git touches it


----------

Wed Aug 31 2022 11:12:18 GMT+0530 (India Standard Time)

warning: in the working copy of 'assets/js/bs-init.js', LF will be replaced by CRLF the next time Git touches it


----------

Wed Aug 31 2022 11:12:18 GMT+0530 (India Standard Time)

warning: in the working copy of 'index.html', LF will be replaced by CRLF the next time Git touches it


----------

Wed Aug 31 2022 11:12:18 GMT+0530 (India Standard Time)

warning: in the working copy of 'login.html', LF will be replaced by CRLF the next time Git touches it


----------

Wed Aug 31 2022 11:12:18 GMT+0530 (India Standard Time)

warning: in the working copy of 'test.html', LF will be replaced by CRLF the next time Git touches it


----------

Wed Aug 31 2022 11:12:21 GMT+0530 (India Standard Time)

To https://github.com/Project-WeTop/WeTop-Vansh.git
   11be3df..7d4f7f0  main -> main


